D:\SDL3\P1\P1\DEBUG\P1.PCH
D:\SDL3\P1\P1\DEBUG\STDAFX.OBJ
D:\SDL3\P1\P1\DEBUG\VC110.PDB
D:\SDL3\P1\P1\DEBUG\P1.OBJ
D:\SDL3\P1\DEBUG\P1.ILK
D:\SDL3\P1\DEBUG\P1.EXE
D:\SDL3\P1\DEBUG\P1.PDB
D:\SDL3\P1\P1\Debug\P1.obj
D:\SDL3\P1\P1\Debug\stdafx.obj
D:\SDL3\P1\P1\Debug\cl.command.1.tlog
D:\SDL3\P1\P1\Debug\CL.read.1.tlog
D:\SDL3\P1\P1\Debug\CL.write.1.tlog
D:\SDL3\P1\P1\Debug\link-cvtres.read.1.tlog
D:\SDL3\P1\P1\Debug\link-cvtres.write.1.tlog
D:\SDL3\P1\P1\Debug\link-rc.read.1.tlog
D:\SDL3\P1\P1\Debug\link-rc.write.1.tlog
D:\SDL3\P1\P1\Debug\link.command.1.tlog
D:\SDL3\P1\P1\Debug\link.read.1.tlog
D:\SDL3\P1\P1\Debug\link.write.1.tlog
D:\SDL3\P1\P1\Debug\P1.pch
D:\SDL3\P1\P1\Debug\vc110.idb
D:\SDL3\P1\P1\Debug\vc110.pdb
D:\SDL3\P1\Debug\P1.pdb
D:\SDL3\P1\Debug\P1.exe
D:\SDL3\P1\Debug\P1.ilk
