D:\SDL3\P2\P2\DEBUG\P2.PCH
D:\SDL3\P2\P2\DEBUG\STDAFX.OBJ
D:\SDL3\P2\P2\DEBUG\VC110.PDB
D:\SDL3\P2\P2\DEBUG\P2.OBJ
D:\SDL3\P2\DEBUG\P2.ILK
D:\SDL3\P2\DEBUG\P2.EXE
D:\SDL3\P2\DEBUG\P2.PDB
D:\SDL3\P2\P2\Debug\P2.obj
D:\SDL3\P2\P2\Debug\stdafx.obj
D:\SDL3\P2\P2\Debug\cl.command.1.tlog
D:\SDL3\P2\P2\Debug\CL.read.1.tlog
D:\SDL3\P2\P2\Debug\CL.write.1.tlog
D:\SDL3\P2\P2\Debug\link-cvtres.read.1.tlog
D:\SDL3\P2\P2\Debug\link-cvtres.write.1.tlog
D:\SDL3\P2\P2\Debug\link-rc.read.1.tlog
D:\SDL3\P2\P2\Debug\link-rc.write.1.tlog
D:\SDL3\P2\P2\Debug\link.command.1.tlog
D:\SDL3\P2\P2\Debug\link.read.1.tlog
D:\SDL3\P2\P2\Debug\link.write.1.tlog
D:\SDL3\P2\P2\Debug\P2.pch
D:\SDL3\P2\P2\Debug\vc110.idb
D:\SDL3\P2\P2\Debug\vc110.pdb
D:\SDL3\P2\Debug\P2.pdb
D:\SDL3\P2\Debug\P2.exe
D:\SDL3\P2\Debug\P2.ilk
