c:\users\zava\documents\visual studio 2013\projects\sd\l5\stiva-coada\stiva-coada\debug\vc120.pdb
c:\users\zava\documents\visual studio 2013\projects\sd\l5\stiva-coada\stiva-coada\debug\vc120.idb
c:\users\zava\documents\visual studio 2013\projects\sd\l5\stiva-coada\stiva-coada\debug\functii.obj
c:\users\zava\documents\visual studio 2013\projects\sd\l5\stiva-coada\stiva-coada\debug\main.obj
c:\users\zava\documents\visual studio 2013\projects\sd\l5\stiva-coada\debug\stiva-coada.pdb
c:\users\zava\documents\visual studio 2013\projects\sd\l5\stiva-coada\stiva-coada\debug\stiva-coada.tlog\cl.command.1.tlog
c:\users\zava\documents\visual studio 2013\projects\sd\l5\stiva-coada\stiva-coada\debug\stiva-coada.tlog\cl.read.1.tlog
c:\users\zava\documents\visual studio 2013\projects\sd\l5\stiva-coada\stiva-coada\debug\stiva-coada.tlog\cl.write.1.tlog
c:\users\zava\documents\visual studio 2013\projects\sd\l5\stiva-coada\stiva-coada\debug\stiva-coada.tlog\link-cvtres.read.1.tlog
c:\users\zava\documents\visual studio 2013\projects\sd\l5\stiva-coada\stiva-coada\debug\stiva-coada.tlog\link-cvtres.write.1.tlog
c:\users\zava\documents\visual studio 2013\projects\sd\l5\stiva-coada\stiva-coada\debug\stiva-coada.tlog\link-rc.read.1.tlog
c:\users\zava\documents\visual studio 2013\projects\sd\l5\stiva-coada\stiva-coada\debug\stiva-coada.tlog\link-rc.write.1.tlog
c:\users\zava\documents\visual studio 2013\projects\sd\l5\stiva-coada\stiva-coada\debug\stiva-coada.tlog\link.12196-cvtres.read.1.tlog
c:\users\zava\documents\visual studio 2013\projects\sd\l5\stiva-coada\stiva-coada\debug\stiva-coada.tlog\link.12196-cvtres.write.1.tlog
c:\users\zava\documents\visual studio 2013\projects\sd\l5\stiva-coada\stiva-coada\debug\stiva-coada.tlog\link.12196-rc.read.1.tlog
c:\users\zava\documents\visual studio 2013\projects\sd\l5\stiva-coada\stiva-coada\debug\stiva-coada.tlog\link.12196-rc.write.1.tlog
c:\users\zava\documents\visual studio 2013\projects\sd\l5\stiva-coada\stiva-coada\debug\stiva-coada.tlog\link.12196.read.1.tlog
c:\users\zava\documents\visual studio 2013\projects\sd\l5\stiva-coada\stiva-coada\debug\stiva-coada.tlog\link.12196.write.1.tlog
c:\users\zava\documents\visual studio 2013\projects\sd\l5\stiva-coada\stiva-coada\debug\stiva-coada.tlog\link.command.1.tlog
c:\users\zava\documents\visual studio 2013\projects\sd\l5\stiva-coada\stiva-coada\debug\stiva-coada.tlog\link.read.1.tlog
c:\users\zava\documents\visual studio 2013\projects\sd\l5\stiva-coada\stiva-coada\debug\stiva-coada.tlog\link.write.1.tlog
